<?xml version="1.0" encoding="UTF-8"?>
<testng-results skipped="0" failed="0" ignored="0" total="1" passed="1">
  <reporter-output>
  </reporter-output>
  <suite name="Default suite" duration-ms="2434" started-at="2023-03-04T15:28:58Z" finished-at="2023-03-04T15:29:00Z">
    <groups>
    </groups>
    <test name="Default test" duration-ms="2434" started-at="2023-03-04T15:28:58Z" finished-at="2023-03-04T15:29:00Z">
      <class name="AutomationSolutionz.Interview.testcases">
        <test-method status="PASS" signature="before_test()[pri:0, instance:AutomationSolutionz.Interview.testcases@63376bed]" name="before_test" is-config="true" duration-ms="2017" started-at="2023-03-04T21:28:58Z" finished-at="2023-03-04T21:29:00Z">
          <reporter-output>
          </reporter-output>
        </test-method> <!-- before_test -->
        <test-method status="PASS" signature="reg_Positive()[pri:1, instance:AutomationSolutionz.Interview.testcases@63376bed]" name="reg_Positive" duration-ms="280" started-at="2023-03-04T21:29:00Z" finished-at="2023-03-04T21:29:00Z">
          <reporter-output>
          </reporter-output>
        </test-method> <!-- reg_Positive -->
        <test-method status="PASS" signature="after_test()[pri:0, instance:AutomationSolutionz.Interview.testcases@63376bed]" name="after_test" is-config="true" duration-ms="117" started-at="2023-03-04T21:29:00Z" finished-at="2023-03-04T21:29:00Z">
          <reporter-output>
          </reporter-output>
        </test-method> <!-- after_test -->
      </class> <!-- AutomationSolutionz.Interview.testcases -->
    </test> <!-- Default test -->
  </suite> <!-- Default suite -->
</testng-results>
